<?xml version="1.0" encoding="UTF-8"?>
<testsuite xmlns:xsi="http://www.w3.org/2001/XMLSchema-instance" xsi:noNamespaceSchemaLocation="https://maven.apache.org/surefire/maven-surefire-plugin/xsd/surefire-test-report.xsd" name="ba.unsa.etf.rpr.KuharTest" time="0.005" tests="11" errors="0" skipped="0" failures="0">
  <properties>
[...]
</properties>
  <testcase name="brojRecepataTest" classname="ba.unsa.etf.rpr.KuharTest" time="0"/>
  <testcase name="filtrirajTest" classname="ba.unsa.etf.rpr.KuharTest" time="0"/>
  <testcase name="receptiSaSastojkomTest2" classname="ba.unsa.etf.rpr.KuharTest" time="0"/>
  <testcase name="sviSastojciTest2" classname="ba.unsa.etf.rpr.KuharTest" time="0.001"/>
  <testcase name="sviSastojciTest" classname="ba.unsa.etf.rpr.KuharTest" time="0.003"/>
  <testcase name="dajReceptNullTest" classname="ba.unsa.etf.rpr.KuharTest" time="0"/>
  <testcase name="filtrirajTest2" classname="ba.unsa.etf.rpr.KuharTest" time="0"/>
  <testcase name="dajReceptTest" classname="ba.unsa.etf.rpr.KuharTest" time="0"/>
  <testcase name="dodajReceptTest" classname="ba.unsa.etf.rpr.KuharTest" time="0"/>
  <testcase name="receptiSaSastojkomTest" classname="ba.unsa.etf.rpr.KuharTest" time="0"/>
  <testcase name="prazanKuhar" classname="ba.unsa.etf.rpr.KuharTest" time="0"/>
</testsuite>